0 verbose cli /usr/local/bin/node /usr/local/bin/npm
1 info using npm@8.19.2
2 info using node@v18.12.1
3 timing npm:load:whichnode Completed in 0ms
4 timing config:load:defaults Completed in 0ms
5 timing config:load:file:/usr/local/lib/node_modules/npm/npmrc Completed in 0ms
6 timing config:load:builtin Completed in 0ms
7 timing config:load:cli Completed in 1ms
8 timing config:load:env Completed in 0ms
9 timing config:load:file:/Users/kushalpendekanti/Documents/Coding-Fun/split-wiser/.npmrc Completed in 0ms
10 timing config:load:project Completed in 2ms
11 timing config:load:file:/Users/kushalpendekanti/.npmrc Completed in 0ms
12 timing config:load:user Completed in 0ms
13 timing config:load:file:/usr/local/etc/npmrc Completed in 0ms
14 timing config:load:global Completed in 0ms
15 timing config:load:validate Completed in 0ms
16 timing config:load:credentials Completed in 1ms
17 timing config:load:setEnvs Completed in 0ms
18 timing config:load Completed in 4ms
19 timing npm:load:configload Completed in 4ms
20 timing npm:load:mkdirpcache Completed in 1ms
21 timing npm:load:mkdirplogs Completed in 1ms
22 verbose title npm install
23 verbose argv "install"
24 timing npm:load:setTitle Completed in 0ms
25 timing config:load:flatten Completed in 1ms
26 timing npm:load:display Completed in 1ms
27 verbose logfile logs-max:10 dir:/Users/kushalpendekanti/Documents/Coding-Fun/split-wiser/.npm-cache/_logs
28 verbose logfile /Users/kushalpendekanti/Documents/Coding-Fun/split-wiser/.npm-cache/_logs/2026-02-22T20_26_46_255Z-debug-0.log
29 timing npm:load:logFile Completed in 2ms
30 timing npm:load:timers Completed in 0ms
31 timing npm:load:configScope Completed in 0ms
32 timing npm:load Completed in 9ms
33 timing arborist:ctor Completed in 1ms
34 silly logfile done cleaning log files
35 timing arborist:ctor Completed in 0ms
36 timing idealTree:init Completed in 3ms
37 timing idealTree:userRequests Completed in 1ms
38 silly idealTree buildDeps
39 silly fetch manifest react@^18.3.1
40 silly fetch manifest react-dom@^18.3.1
41 silly fetch manifest @vitejs/plugin-react@^4.3.2
42 silly fetch manifest vite@^5.4.10
43 http fetch GET 200 https://registry.npmjs.org/vite 16ms (cache hit)
44 silly fetch manifest @types/node@^18.0.0 || >=20.0.0
45 silly fetch manifest less@*
46 silly fetch manifest lightningcss@^1.21.0
47 silly fetch manifest sass@*
48 silly fetch manifest sass-embedded@*
49 silly fetch manifest stylus@*
50 silly fetch manifest sugarss@*
51 silly fetch manifest terser@^5.4.0
52 silly fetch manifest vite-plugin-pwa@^0.20.5
53 http fetch GET 200 https://registry.npmjs.org/vite-plugin-pwa 70033ms (cache stale)
54 silly fetch manifest @vite-pwa/assets-generator@^0.2.6
55 silly placeDep ROOT @vitejs/plugin-react@ OK for: split-wiser@0.0.1 want: ^4.3.2
56 silly placeDep ROOT react@ OK for: split-wiser@0.0.1 want: ^18.3.1
57 silly placeDep ROOT react-dom@ OK for: split-wiser@0.0.1 want: ^18.3.1
58 silly placeDep ROOT vite@5.4.21 OK for: split-wiser@0.0.1 want: ^5.4.10
59 silly placeDep ROOT vite-plugin-pwa@0.20.5 OK for: split-wiser@0.0.1 want: ^0.20.5
60 silly fetch manifest rollup@^4.20.0
61 silly fetch manifest esbuild@^0.21.3
62 silly fetch manifest postcss@^8.4.43
63 silly fetch manifest fsevents@~2.3.3
64 silly fetch manifest debug@^4.3.6
65 silly fetch manifest tinyglobby@^0.2.0
66 silly fetch manifest pretty-bytes@^6.1.1
67 silly fetch manifest workbox-build@^7.1.0
68 silly fetch manifest workbox-window@^7.1.0
69 http fetch GET 200 https://registry.npmjs.org/esbuild 70037ms (cache stale)
70 timing idealTree:#root Completed in 980525ms
71 timing idealTree:node_modules/@vitejs/plugin-react Completed in 0ms
72 timing idealTree:node_modules/react Completed in 0ms
73 timing idealTree:node_modules/react-dom Completed in 0ms
74 silly placeDep ROOT esbuild@0.21.5 OK for: vite@5.4.21 want: ^0.21.3
75 silly placeDep node_modules/vite fsevents@ OK for: vite@5.4.21 want: ~2.3.3
76 silly placeDep node_modules/vite postcss@ OK for: vite@5.4.21 want: ^8.4.43
77 silly placeDep node_modules/vite rollup@ OK for: vite@5.4.21 want: ^4.20.0
78 silly fetch manifest @esbuild/aix-ppc64@0.21.5
79 silly fetch manifest @esbuild/linux-arm@0.21.5
80 silly fetch manifest @esbuild/linux-x64@0.21.5
81 silly fetch manifest @esbuild/sunos-x64@0.21.5
82 silly fetch manifest @esbuild/win32-x64@0.21.5
83 silly fetch manifest @esbuild/darwin-x64@0.21.5
84 silly fetch manifest @esbuild/linux-ia32@0.21.5
85 silly fetch manifest @esbuild/netbsd-x64@0.21.5
86 silly fetch manifest @esbuild/win32-ia32@0.21.5
87 silly fetch manifest @esbuild/android-arm@0.21.5
88 silly fetch manifest @esbuild/android-x64@0.21.5
89 silly fetch manifest @esbuild/freebsd-x64@0.21.5
90 silly fetch manifest @esbuild/linux-arm64@0.21.5
91 silly fetch manifest @esbuild/linux-ppc64@0.21.5
92 silly fetch manifest @esbuild/linux-s390x@0.21.5
93 silly fetch manifest @esbuild/openbsd-x64@0.21.5
94 silly fetch manifest @esbuild/win32-arm64@0.21.5
95 silly fetch manifest @esbuild/darwin-arm64@0.21.5
96 silly fetch manifest @esbuild/android-arm64@0.21.5
97 silly fetch manifest @esbuild/freebsd-arm64@0.21.5
98 silly fetch manifest @esbuild/linux-loong64@0.21.5
99 silly fetch manifest @esbuild/linux-riscv64@0.21.5
100 silly fetch manifest @esbuild/linux-mips64el@0.21.5
101 timing idealTree:node_modules/vite Completed in 70091ms
102 silly placeDep node_modules/esbuild @esbuild/aix-ppc64@ OK for: esbuild@0.21.5 want: 0.21.5
103 silly placeDep node_modules/esbuild @esbuild/android-arm@ OK for: esbuild@0.21.5 want: 0.21.5
104 silly placeDep node_modules/esbuild @esbuild/android-arm64@ OK for: esbuild@0.21.5 want: 0.21.5
105 silly placeDep node_modules/esbuild @esbuild/android-x64@ OK for: esbuild@0.21.5 want: 0.21.5
106 silly placeDep node_modules/esbuild @esbuild/darwin-arm64@ OK for: esbuild@0.21.5 want: 0.21.5
107 silly placeDep node_modules/esbuild @esbuild/darwin-x64@ OK for: esbuild@0.21.5 want: 0.21.5
108 silly placeDep node_modules/esbuild @esbuild/freebsd-arm64@ OK for: esbuild@0.21.5 want: 0.21.5
109 silly placeDep node_modules/esbuild @esbuild/freebsd-x64@ OK for: esbuild@0.21.5 want: 0.21.5
110 silly placeDep node_modules/esbuild @esbuild/linux-arm@ OK for: esbuild@0.21.5 want: 0.21.5
111 silly placeDep node_modules/esbuild @esbuild/linux-arm64@ OK for: esbuild@0.21.5 want: 0.21.5
112 silly placeDep node_modules/esbuild @esbuild/linux-ia32@ OK for: esbuild@0.21.5 want: 0.21.5
113 silly placeDep node_modules/esbuild @esbuild/linux-loong64@ OK for: esbuild@0.21.5 want: 0.21.5
114 silly placeDep node_modules/esbuild @esbuild/linux-mips64el@ OK for: esbuild@0.21.5 want: 0.21.5
115 silly placeDep node_modules/esbuild @esbuild/linux-ppc64@ OK for: esbuild@0.21.5 want: 0.21.5
116 silly placeDep node_modules/esbuild @esbuild/linux-riscv64@ OK for: esbuild@0.21.5 want: 0.21.5
117 silly placeDep node_modules/esbuild @esbuild/linux-s390x@ OK for: esbuild@0.21.5 want: 0.21.5
118 silly placeDep node_modules/esbuild @esbuild/linux-x64@ OK for: esbuild@0.21.5 want: 0.21.5
119 silly placeDep node_modules/esbuild @esbuild/netbsd-x64@ OK for: esbuild@0.21.5 want: 0.21.5
120 silly placeDep node_modules/esbuild @esbuild/openbsd-x64@ OK for: esbuild@0.21.5 want: 0.21.5
121 silly placeDep node_modules/esbuild @esbuild/sunos-x64@ OK for: esbuild@0.21.5 want: 0.21.5
122 silly placeDep node_modules/esbuild @esbuild/win32-arm64@ OK for: esbuild@0.21.5 want: 0.21.5
123 silly placeDep node_modules/esbuild @esbuild/win32-ia32@ OK for: esbuild@0.21.5 want: 0.21.5
124 silly placeDep node_modules/esbuild @esbuild/win32-x64@ OK for: esbuild@0.21.5 want: 0.21.5
125 timing idealTree:node_modules/esbuild Completed in 16ms
126 silly placeDep node_modules/vite-plugin-pwa debug@ OK for: vite-plugin-pwa@0.20.5 want: ^4.3.6
127 silly placeDep node_modules/vite-plugin-pwa pretty-bytes@ OK for: vite-plugin-pwa@0.20.5 want: ^6.1.1
128 silly placeDep node_modules/vite-plugin-pwa tinyglobby@ OK for: vite-plugin-pwa@0.20.5 want: ^0.2.0
129 silly placeDep node_modules/vite-plugin-pwa workbox-build@ OK for: vite-plugin-pwa@0.20.5 want: ^7.1.0
130 silly placeDep node_modules/vite-plugin-pwa workbox-window@ OK for: vite-plugin-pwa@0.20.5 want: ^7.1.0
131 timing idealTree:node_modules/vite-plugin-pwa Completed in 2ms
132 timing idealTree:node_modules/esbuild/node_modules/@esbuild/aix-ppc64 Completed in 0ms
133 timing idealTree:node_modules/esbuild/node_modules/@esbuild/android-arm Completed in 0ms
134 timing idealTree:node_modules/esbuild/node_modules/@esbuild/android-arm64 Completed in 0ms
135 timing idealTree:node_modules/esbuild/node_modules/@esbuild/android-x64 Completed in 0ms
136 timing idealTree:node_modules/esbuild/node_modules/@esbuild/darwin-arm64 Completed in 0ms
137 timing idealTree:node_modules/esbuild/node_modules/@esbuild/darwin-x64 Completed in 0ms
138 timing idealTree:node_modules/esbuild/node_modules/@esbuild/freebsd-arm64 Completed in 0ms
139 timing idealTree:node_modules/esbuild/node_modules/@esbuild/freebsd-x64 Completed in 0ms
140 timing idealTree:node_modules/esbuild/node_modules/@esbuild/linux-arm Completed in 0ms
141 timing idealTree:node_modules/esbuild/node_modules/@esbuild/linux-arm64 Completed in 0ms
142 timing idealTree:node_modules/esbuild/node_modules/@esbuild/linux-ia32 Completed in 0ms
143 timing idealTree:node_modules/esbuild/node_modules/@esbuild/linux-loong64 Completed in 0ms
144 timing idealTree:node_modules/esbuild/node_modules/@esbuild/linux-mips64el Completed in 0ms
145 timing idealTree:node_modules/esbuild/node_modules/@esbuild/linux-ppc64 Completed in 0ms
146 timing idealTree:node_modules/esbuild/node_modules/@esbuild/linux-riscv64 Completed in 0ms
147 timing idealTree:node_modules/esbuild/node_modules/@esbuild/linux-s390x Completed in 0ms
148 timing idealTree:node_modules/esbuild/node_modules/@esbuild/linux-x64 Completed in 0ms
149 timing idealTree:node_modules/esbuild/node_modules/@esbuild/netbsd-x64 Completed in 0ms
150 timing idealTree:node_modules/esbuild/node_modules/@esbuild/openbsd-x64 Completed in 0ms
151 timing idealTree:node_modules/esbuild/node_modules/@esbuild/sunos-x64 Completed in 0ms
152 timing idealTree:node_modules/esbuild/node_modules/@esbuild/win32-arm64 Completed in 0ms
153 timing idealTree:node_modules/esbuild/node_modules/@esbuild/win32-ia32 Completed in 0ms
154 timing idealTree:node_modules/esbuild/node_modules/@esbuild/win32-x64 Completed in 0ms
155 timing idealTree:node_modules/vite-plugin-pwa/node_modules/debug Completed in 0ms
156 timing idealTree:node_modules/vite-plugin-pwa/node_modules/pretty-bytes Completed in 0ms
157 timing idealTree:node_modules/vite-plugin-pwa/node_modules/tinyglobby Completed in 0ms
158 timing idealTree:node_modules/vite-plugin-pwa/node_modules/workbox-build Completed in 0ms
159 timing idealTree:node_modules/vite-plugin-pwa/node_modules/workbox-window Completed in 0ms
160 timing idealTree:node_modules/vite/node_modules/fsevents Completed in 0ms
161 timing idealTree:node_modules/vite/node_modules/postcss Completed in 0ms
162 timing idealTree:node_modules/vite/node_modules/rollup Completed in 0ms
163 timing idealTree:buildDeps Completed in 1050635ms
164 timing idealTree:fixDepFlags Completed in 0ms
165 timing idealTree Completed in 1050640ms
166 timing command:install Completed in 1050642ms
167 verbose type system
168 verbose stack FetchError: request to https://registry.npmjs.org/@vitejs%2fplugin-react failed, reason: getaddrinfo ENOTFOUND registry.npmjs.org
168 verbose stack     at ClientRequest.<anonymous> (/usr/local/lib/node_modules/npm/node_modules/minipass-fetch/lib/index.js:130:14)
168 verbose stack     at ClientRequest.emit (node:events:513:28)
168 verbose stack     at TLSSocket.socketErrorListener (node:_http_client:494:9)
168 verbose stack     at TLSSocket.emit (node:events:525:35)
168 verbose stack     at emitErrorNT (node:internal/streams/destroy:151:8)
168 verbose stack     at emitErrorCloseNT (node:internal/streams/destroy:116:3)
168 verbose stack     at process.processTicksAndRejections (node:internal/process/task_queues:82:21)
169 verbose cwd /Users/kushalpendekanti/Documents/Coding-Fun/split-wiser
170 verbose Darwin 25.1.0
171 verbose node v18.12.1
172 verbose npm  v8.19.2
173 error code ENOTFOUND
174 error syscall getaddrinfo
175 error errno ENOTFOUND
176 error network request to https://registry.npmjs.org/@vitejs%2fplugin-react failed, reason: getaddrinfo ENOTFOUND registry.npmjs.org
177 error network This is a problem related to network connectivity.
177 error network In most cases you are behind a proxy or have bad network settings.
177 error network
177 error network If you are behind a proxy, please make sure that the
177 error network 'proxy' config is set properly.  See: 'npm help config'
178 verbose exit 1
179 timing npm Completed in 1050675ms
180 verbose unfinished npm timer reify 1771792006284
181 verbose unfinished npm timer reify:loadTrees 1771792006285
182 verbose code 1
183 error A complete log of this run can be found in:
183 error     /Users/kushalpendekanti/Documents/Coding-Fun/split-wiser/.npm-cache/_logs/2026-02-22T20_26_46_255Z-debug-0.log
